Info: Starting: Create block symbol file (.bsf)
Info: ip-generate --project-directory=E:/FPGAProgramm/tpcurrent/qsys/hardware/ --output-directory=E:/FPGAProgramm/tpcurrent/qsys/hardware/ --report-file=bsf:E:/FPGAProgramm/tpcurrent/qsys/hardware/niios_qsys.bsf --system-info=DEVICE_FAMILY="Cyclone IV E" --system-info=DEVICE=EP4CE10F17C8 --system-info=DEVICE_SPEEDGRADE=8 --component-file=E:/FPGAProgramm/tpcurrent/qsys/hardware/niios_qsys.qsys
Progress: Loading hardware/niios_qsys.qsys
Progress: Reading input file
Progress: Adding clk_0 [clock_source 13.1]
Progress: Parameterizing module clk_0
Progress: Adding nios2 [altera_nios2_qsys 13.1]
Progress: Parameterizing module nios2
Progress: Adding jtag_uart_0 [altera_avalon_jtag_uart 13.1]
Progress: Parameterizing module jtag_uart_0
Progress: Adding sysid_qsys_0 [altera_avalon_sysid_qsys 13.1]
Progress: Parameterizing module sysid_qsys_0
Progress: Adding RAM [altera_avalon_onchip_memory2 13.1]
Progress: Parameterizing module RAM
Progress: Adding uart_0 [altera_avalon_uart 13.1]
Progress: Parameterizing module uart_0
Progress: Building connections
Progress: Parameterizing connections
Progress: Validating
Progress: Done reading input file
Info: niios_qsys.sysid_qsys_0: System ID is not assigned automatically. Edit the System ID parameter to provide a unique ID
Info: niios_qsys.sysid_qsys_0: Time stamp will be automatically updated when this component is generated.
Info: ip-generate succeeded.
Info: Finished: Create block symbol file (.bsf)
Info: 
Info: Starting: Create HDL design files for synthesis
Info: ip-generate --project-directory=E:/FPGAProgramm/tpcurrent/qsys/hardware/ --output-directory=E:/FPGAProgramm/tpcurrent/qsys/hardware/synthesis/ --file-set=QUARTUS_SYNTH --report-file=html:E:/FPGAProgramm/tpcurrent/qsys/hardware/niios_qsys.html --report-file=sopcinfo:E:/FPGAProgramm/tpcurrent/qsys/hardware/niios_qsys.sopcinfo --report-file=cmp:E:/FPGAProgramm/tpcurrent/qsys/hardware/niios_qsys.cmp --report-file=qip:E:/FPGAProgramm/tpcurrent/qsys/hardware/synthesis/niios_qsys.qip --report-file=svd --report-file=regmap:E:/FPGAProgramm/tpcurrent/qsys/hardware/synthesis/niios_qsys.regmap --report-file=debuginfo:E:/FPGAProgramm/tpcurrent/qsys/hardware/synthesis/niios_qsys.debuginfo --system-info=DEVICE_FAMILY="Cyclone IV E" --system-info=DEVICE=EP4CE10F17C8 --system-info=DEVICE_SPEEDGRADE=8 --component-file=E:/FPGAProgramm/tpcurrent/qsys/hardware/niios_qsys.qsys --language=VERILOG
Progress: Loading hardware/niios_qsys.qsys
Progress: Reading input file
Progress: Adding clk_0 [clock_source 13.1]
Progress: Parameterizing module clk_0
Progress: Adding nios2 [altera_nios2_qsys 13.1]
Progress: Parameterizing module nios2
Progress: Adding jtag_uart_0 [altera_avalon_jtag_uart 13.1]
Progress: Parameterizing module jtag_uart_0
Progress: Adding sysid_qsys_0 [altera_avalon_sysid_qsys 13.1]
Progress: Parameterizing module sysid_qsys_0
Progress: Adding RAM [altera_avalon_onchip_memory2 13.1]
Progress: Parameterizing module RAM
Progress: Adding uart_0 [altera_avalon_uart 13.1]
Progress: Parameterizing module uart_0
Progress: Building connections
Progress: Parameterizing connections
Progress: Validating
Progress: Done reading input file
Info: niios_qsys.sysid_qsys_0: System ID is not assigned automatically. Edit the System ID parameter to provide a unique ID
Info: niios_qsys.sysid_qsys_0: Time stamp will be automatically updated when this component is generated.
Info: niios_qsys: Generating niios_qsys "niios_qsys" for QUARTUS_SYNTH
Info: pipeline_bridge_swap_transform: After transform: 6 modules, 25 connections
Info: No custom instruction connections, skipping transform 
Info: merlin_initial_interconnect_transform: After transform: 6 modules, 22 connections
Info: merlin_translator_transform: After transform: 13 modules, 50 connections
Info: merlin_domain_transform: After transform: 26 modules, 136 connections
Info: merlin_router_transform: After transform: 33 modules, 164 connections
Info: merlin_traffic_limiter_transform: After transform: 35 modules, 174 connections
Info: merlin_network_to_switch_transform: After transform: 48 modules, 209 connections
Info: limiter_update_transform: After transform: 48 modules, 211 connections
Info: merlin_clock_and_reset_bridge_transform: After transform: 50 modules, 260 connections
Info: merlin_hierarchy_transform: After transform: 7 modules, 28 connections
Info: merlin_mm_transform: After transform: 7 modules, 28 connections
Info: merlin_interrupt_mapper_transform: After transform: 8 modules, 32 connections
Info: reset_adaptation_transform: After transform: 10 modules, 34 connections
Warning: niios_qsys: "No matching role found for uart_0:s1:dataavailable (dataavailable)"
Warning: niios_qsys: "No matching role found for uart_0:s1:readyfordata (readyfordata)"
Info: nios2: Starting RTL generation for module 'niios_qsys_nios2'
Info: nios2:   Generation command is [exec D:/altera/13.1/quartus/bin/eperlcmd.exe -I D:/altera/13.1/quartus/bin/perl/lib -I D:/altera/13.1/quartus/sopc_builder/bin/europa -I D:/altera/13.1/quartus/sopc_builder/bin/perl_lib -I D:/altera/13.1/quartus/sopc_builder/bin -I D:/altera/13.1/quartus/../ip/altera/nios2_ip/altera_nios2/cpu_lib -I D:/altera/13.1/quartus/../ip/altera/nios2_ip/altera_nios2/nios_lib -I D:/altera/13.1/quartus/../ip/altera/nios2_ip/altera_nios2 -I D:/altera/13.1/quartus/../ip/altera/nios2_ip/altera_nios2 -- D:/altera/13.1/quartus/../ip/altera/nios2_ip/altera_nios2/generate_rtl.epl --name=niios_qsys_nios2 --dir=C:/Users/civi/AppData/Local/Temp/alt8279_7757347735672006336.dir/0024_nios2_gen/ --quartus_dir=D:/altera/13.1/quartus --verilog --config=C:/Users/civi/AppData/Local/Temp/alt8279_7757347735672006336.dir/0024_nios2_gen//niios_qsys_nios2_processor_configuration.pl  --do_build_sim=0  ]
Info: nios2: # 2020.01.18 11:57:06 (*) Starting Nios II generation
Info: nios2: # 2020.01.18 11:57:06 (*)   Checking for plaintext license.
Info: nios2: # 2020.01.18 11:57:07 (*)   Plaintext license not found.
Info: nios2: # 2020.01.18 11:57:07 (*)   Checking for encrypted license (non-evaluation).
Info: nios2: # 2020.01.18 11:57:08 (*)   Encrypted license not found.  Defaulting to OCP evaluation license (produces a time-limited SOF)
Info: nios2: # 2020.01.18 11:57:08 (*)   Elaborating CPU configuration settings
Info: nios2: # 2020.01.18 11:57:09 (*)   Creating all objects for CPU
Info: nios2: # 2020.01.18 11:57:09 (*)     Testbench
Info: nios2: # 2020.01.18 11:57:09 (*)     Instruction decoding
Info: nios2: # 2020.01.18 11:57:09 (*)       Instruction fields
Info: nios2: # 2020.01.18 11:57:09 (*)       Instruction decodes
Info: nios2: # 2020.01.18 11:57:10 (*)       Signals for RTL simulation waveforms
Info: nios2: # 2020.01.18 11:57:10 (*)       Instruction controls
Info: nios2: # 2020.01.18 11:57:10 (*)     Pipeline frontend
Info: nios2: # 2020.01.18 11:57:11 (*)     Pipeline backend
Info: nios2: # 2020.01.18 11:57:15 (*)   Generating RTL from CPU objects
Info: nios2: # 2020.01.18 11:57:21 (*)   Creating encrypted RTL
Info: nios2: # 2020.01.18 11:57:22 (*) Done Nios II generation
Info: nios2: Done RTL generation for module 'niios_qsys_nios2'
Info: nios2: "niios_qsys" instantiated altera_nios2_qsys "nios2"
Info: jtag_uart_0: Starting RTL generation for module 'niios_qsys_jtag_uart_0'
Info: jtag_uart_0:   Generation command is [exec D:/altera/13.1/quartus/bin/perl/bin/perl.exe -I D:/altera/13.1/quartus/bin/perl/lib -I D:/altera/13.1/quartus/sopc_builder/bin/europa -I D:/altera/13.1/quartus/sopc_builder/bin/perl_lib -I D:/altera/13.1/quartus/sopc_builder/bin -I D:/altera/13.1/quartus/../ip/altera/sopc_builder_ip/common -I D:/altera/13.1/quartus/../ip/altera/sopc_builder_ip/altera_avalon_jtag_uart -- D:/altera/13.1/quartus/../ip/altera/sopc_builder_ip/altera_avalon_jtag_uart/generate_rtl.pl --name=niios_qsys_jtag_uart_0 --dir=C:/Users/civi/AppData/Local/Temp/alt8279_7757347735672006336.dir/0025_jtag_uart_0_gen/ --quartus_dir=D:/altera/13.1/quartus --verilog --config=C:/Users/civi/AppData/Local/Temp/alt8279_7757347735672006336.dir/0025_jtag_uart_0_gen//niios_qsys_jtag_uart_0_component_configuration.pl  --do_build_sim=0  ]
Info: jtag_uart_0: Done RTL generation for module 'niios_qsys_jtag_uart_0'
Info: jtag_uart_0: "niios_qsys" instantiated altera_avalon_jtag_uart "jtag_uart_0"
Info: sysid_qsys_0: "niios_qsys" instantiated altera_avalon_sysid_qsys "sysid_qsys_0"
Info: RAM: Starting RTL generation for module 'niios_qsys_RAM'
Info: RAM:   Generation command is [exec D:/altera/13.1/quartus/bin/perl/bin/perl.exe -I D:/altera/13.1/quartus/bin/perl/lib -I D:/altera/13.1/quartus/sopc_builder/bin/europa -I D:/altera/13.1/quartus/sopc_builder/bin/perl_lib -I D:/altera/13.1/quartus/sopc_builder/bin -I D:/altera/13.1/quartus/../ip/altera/sopc_builder_ip/common -I D:/altera/13.1/quartus/../ip/altera/sopc_builder_ip/altera_avalon_onchip_memory2 -- D:/altera/13.1/quartus/../ip/altera/sopc_builder_ip/altera_avalon_onchip_memory2/generate_rtl.pl --name=niios_qsys_RAM --dir=C:/Users/civi/AppData/Local/Temp/alt8279_7757347735672006336.dir/0027_RAM_gen/ --quartus_dir=D:/altera/13.1/quartus --verilog --config=C:/Users/civi/AppData/Local/Temp/alt8279_7757347735672006336.dir/0027_RAM_gen//niios_qsys_RAM_component_configuration.pl  --do_build_sim=0  ]
Info: RAM: Done RTL generation for module 'niios_qsys_RAM'
Info: RAM: "niios_qsys" instantiated altera_avalon_onchip_memory2 "RAM"
Info: uart_0: Starting RTL generation for module 'niios_qsys_uart_0'
Info: uart_0:   Generation command is [exec D:/altera/13.1/quartus/bin/perl/bin/perl.exe -I D:/altera/13.1/quartus/bin/perl/lib -I D:/altera/13.1/quartus/sopc_builder/bin/europa -I D:/altera/13.1/quartus/sopc_builder/bin/perl_lib -I D:/altera/13.1/quartus/sopc_builder/bin -I D:/altera/13.1/quartus/../ip/altera/sopc_builder_ip/common -I D:/altera/13.1/quartus/../ip/altera/sopc_builder_ip/altera_avalon_uart -- D:/altera/13.1/quartus/../ip/altera/sopc_builder_ip/altera_avalon_uart/generate_rtl.pl --name=niios_qsys_uart_0 --dir=C:/Users/civi/AppData/Local/Temp/alt8279_7757347735672006336.dir/0028_uart_0_gen/ --quartus_dir=D:/altera/13.1/quartus --verilog --config=C:/Users/civi/AppData/Local/Temp/alt8279_7757347735672006336.dir/0028_uart_0_gen//niios_qsys_uart_0_component_configuration.pl  --do_build_sim=0  ]
Info: uart_0: Done RTL generation for module 'niios_qsys_uart_0'
Info: uart_0: "niios_qsys" instantiated altera_avalon_uart "uart_0"
Info: pipeline_bridge_swap_transform: After transform: 44 modules, 148 connections
Info: No custom instruction connections, skipping transform 
Info: merlin_initial_interconnect_transform: After transform: 0 modules, 0 connections
Info: No Avalon connections, skipping transform 
Info: merlin_hierarchy_transform: After transform: 44 modules, 148 connections
Info: merlin_initial_interconnect_transform: After transform: 0 modules, 0 connections
Info: No Avalon connections, skipping transform 
Info: merlin_hierarchy_transform: After transform: 44 modules, 148 connections
Info: merlin_initial_interconnect_transform: After transform: 0 modules, 0 connections
Info: No Avalon connections, skipping transform 
Info: merlin_hierarchy_transform: After transform: 44 modules, 148 connections
Info: merlin_initial_interconnect_transform: After transform: 0 modules, 0 connections
Info: No Avalon connections, skipping transform 
Info: merlin_hierarchy_transform: After transform: 44 modules, 148 connections
Info: merlin_initial_interconnect_transform: After transform: 0 modules, 0 connections
Info: No Avalon connections, skipping transform 
Info: merlin_hierarchy_transform: After transform: 44 modules, 148 connections
Info: merlin_initial_interconnect_transform: After transform: 0 modules, 0 connections
Info: No Avalon connections, skipping transform 
Info: merlin_hierarchy_transform: After transform: 44 modules, 148 connections
Info: merlin_initial_interconnect_transform: After transform: 0 modules, 0 connections
Info: No Avalon connections, skipping transform 
Info: merlin_hierarchy_transform: After transform: 44 modules, 148 connections
Info: mm_interconnect_0: "niios_qsys" instantiated altera_merlin_interconnect_wrapper "mm_interconnect_0"
Info: irq_mapper: "niios_qsys" instantiated altera_irq_mapper "irq_mapper"
Info: rst_controller: "niios_qsys" instantiated altera_reset_controller "rst_controller"
Info: nios2_data_master_translator: "mm_interconnect_0" instantiated altera_merlin_master_translator "nios2_data_master_translator"
Info: nios2_jtag_debug_module_translator: "mm_interconnect_0" instantiated altera_merlin_slave_translator "nios2_jtag_debug_module_translator"
Info: nios2_data_master_translator_avalon_universal_master_0_agent: "mm_interconnect_0" instantiated altera_merlin_master_agent "nios2_data_master_translator_avalon_universal_master_0_agent"
Info: nios2_jtag_debug_module_translator_avalon_universal_slave_0_agent: "mm_interconnect_0" instantiated altera_merlin_slave_agent "nios2_jtag_debug_module_translator_avalon_universal_slave_0_agent"
Info: nios2_jtag_debug_module_translator_avalon_universal_slave_0_agent_rsp_fifo: "mm_interconnect_0" instantiated altera_avalon_sc_fifo "nios2_jtag_debug_module_translator_avalon_universal_slave_0_agent_rsp_fifo"
Info: addr_router: "mm_interconnect_0" instantiated altera_merlin_router "addr_router"
Info: addr_router_001: "mm_interconnect_0" instantiated altera_merlin_router "addr_router_001"
Info: id_router: "mm_interconnect_0" instantiated altera_merlin_router "id_router"
Info: id_router_001: "mm_interconnect_0" instantiated altera_merlin_router "id_router_001"
Info: limiter: "mm_interconnect_0" instantiated altera_merlin_traffic_limiter "limiter"
Info: Reusing file E:/FPGAProgramm/tpcurrent/qsys/hardware/synthesis/submodules/altera_avalon_sc_fifo.v
Info: cmd_xbar_demux: "mm_interconnect_0" instantiated altera_merlin_demultiplexer "cmd_xbar_demux"
Info: cmd_xbar_demux_001: "mm_interconnect_0" instantiated altera_merlin_demultiplexer "cmd_xbar_demux_001"
Info: cmd_xbar_mux: "mm_interconnect_0" instantiated altera_merlin_multiplexer "cmd_xbar_mux"
Info: cmd_xbar_mux_001: "mm_interconnect_0" instantiated altera_merlin_multiplexer "cmd_xbar_mux_001"
Info: Reusing file E:/FPGAProgramm/tpcurrent/qsys/hardware/synthesis/submodules/altera_merlin_arbitrator.sv
Info: rsp_xbar_demux: "mm_interconnect_0" instantiated altera_merlin_demultiplexer "rsp_xbar_demux"
Info: rsp_xbar_demux_001: "mm_interconnect_0" instantiated altera_merlin_demultiplexer "rsp_xbar_demux_001"
Info: rsp_xbar_mux: "mm_interconnect_0" instantiated altera_merlin_multiplexer "rsp_xbar_mux"
Info: Reusing file E:/FPGAProgramm/tpcurrent/qsys/hardware/synthesis/submodules/altera_merlin_arbitrator.sv
Info: rsp_xbar_mux_001: "mm_interconnect_0" instantiated altera_merlin_multiplexer "rsp_xbar_mux_001"
Info: Reusing file E:/FPGAProgramm/tpcurrent/qsys/hardware/synthesis/submodules/altera_merlin_arbitrator.sv
Info: niios_qsys: Done "niios_qsys" with 27 modules, 48 files, 1257764 bytes
Info: ip-generate succeeded.
Info: Finished: Create HDL design files for synthesis
