Flow report for tpcurrent
Fri Jan 31 01:50:39 2020
Quartus II 64-Bit Version 13.1.0 Build 162 10/23/2013 SJ Full Version


---------------------
; Table of Contents ;
---------------------
  1. Legal Notice
  2. Flow Summary
  3. Flow Settings
  4. Flow Non-Default Global Settings
  5. Flow Elapsed Time
  6. Flow OS Summary
  7. Flow Log
  8. Flow Messages
  9. Flow Suppressed Messages



----------------
; Legal Notice ;
----------------
Copyright (C) 1991-2013 Altera Corporation
Your use of Altera Corporation's design tools, logic functions 
and other software and tools, and its AMPP partner logic 
functions, and any output files from any of the foregoing 
(including device programming or simulation files), and any 
associated documentation or information are expressly subject 
to the terms and conditions of the Altera Program License 
Subscription Agreement, Altera MegaCore Function License 
Agreement, or other applicable license agreement, including, 
without limitation, that your use is for the sole purpose of 
programming logic devices manufactured by Altera and sold by 
Altera or its authorized distributors.  Please refer to the 
applicable agreement for further details.



+----------------------------------------------------------------------------------+
; Flow Summary                                                                     ;
+------------------------------------+---------------------------------------------+
; Flow Status                        ; Successful - Fri Jan 31 01:50:39 2020       ;
; Quartus II 64-Bit Version          ; 13.1.0 Build 162 10/23/2013 SJ Full Version ;
; Revision Name                      ; tpcurrent                                   ;
; Top-level Entity Name              ; tpcurrent                                   ;
; Family                             ; Cyclone IV E                                ;
; Device                             ; EP4CE10F17C8                                ;
; Timing Models                      ; Final                                       ;
; Total logic elements               ; 901 / 10,320 ( 9 % )                        ;
;     Total combinational functions  ; 527 / 10,320 ( 5 % )                        ;
;     Dedicated logic registers      ; 722 / 10,320 ( 7 % )                        ;
; Total registers                    ; 722                                         ;
; Total pins                         ; 56 / 180 ( 31 % )                           ;
; Total virtual pins                 ; 0                                           ;
; Total memory bits                  ; 57,344 / 423,936 ( 14 % )                   ;
; Embedded Multiplier 9-bit elements ; 0 / 46 ( 0 % )                              ;
; Total PLLs                         ; 1 / 2 ( 50 % )                              ;
+------------------------------------+---------------------------------------------+


+-----------------------------------------+
; Flow Settings                           ;
+-------------------+---------------------+
; Option            ; Setting             ;
+-------------------+---------------------+
; Start date & time ; 01/31/2020 01:50:09 ;
; Main task         ; Compilation         ;
; Revision Name     ; tpcurrent           ;
+-------------------+---------------------+


+-----------------------------------------------------------------------------------------------------------------------------------------------------------------------------------------------------------------+
; Flow Non-Default Global Settings                                                                                                                                                                                ;
+--------------------------------------+------------------------------------------------------------------------------------------------------------------------+---------------+-------------+-------------------+
; Assignment Name                      ; Value                                                                                                                  ; Default Value ; Entity Name ; Section Id        ;
+--------------------------------------+------------------------------------------------------------------------------------------------------------------------+---------------+-------------+-------------------+
; COMPILER_SIGNATURE_ID                ; 70763216109864.158040660919736                                                                                         ; --            ; --          ; --                ;
; EDA_DESIGN_INSTANCE_NAME             ; NA                                                                                                                     ; --            ; --          ; tpcurrent_vlg_tst ;
; EDA_NATIVELINK_SIMULATION_TEST_BENCH ; tpcurrent_vlg_tst                                                                                                      ; --            ; --          ; eda_simulation    ;
; EDA_NETLIST_WRITER_OUTPUT_DIR        ; E:/FPGAProgramm/tpcurrent/sim                                                                                          ; --            ; --          ; eda_simulation    ;
; EDA_OUTPUT_DATA_FORMAT               ; Verilog Hdl                                                                                                            ; --            ; --          ; eda_simulation    ;
; EDA_SIMULATION_TOOL                  ; ModelSim (Verilog)                                                                                                     ; <None>        ; --          ; --                ;
; EDA_TEST_BENCH_ENABLE_STATUS         ; TEST_BENCH_MODE                                                                                                        ; --            ; --          ; eda_simulation    ;
; EDA_TEST_BENCH_FILE                  ; ../sim/tb/tpcurrent.vt                                                                                                 ; --            ; --          ; tpcurrent_vlg_tst ;
; EDA_TEST_BENCH_MODULE_NAME           ; tpcurrent_vlg_tst                                                                                                      ; --            ; --          ; tpcurrent_vlg_tst ;
; EDA_TEST_BENCH_NAME                  ; tpcurrent_vlg_tst                                                                                                      ; --            ; --          ; eda_simulation    ;
; EDA_TIME_SCALE                       ; 1 ps                                                                                                                   ; --            ; --          ; eda_simulation    ;
; ENABLE_LOGIC_ANALYZER_INTERFACE      ; Off                                                                                                                    ; --            ; --          ; --                ;
; ENABLE_SIGNALTAP                     ; On                                                                                                                     ; --            ; --          ; --                ;
; IP_TOOL_NAME                         ; ALTPLL                                                                                                                 ; --            ; --          ; --                ;
; IP_TOOL_NAME                         ; FIFO                                                                                                                   ; --            ; --          ; --                ;
; IP_TOOL_VERSION                      ; 13.1                                                                                                                   ; --            ; --          ; --                ;
; IP_TOOL_VERSION                      ; 13.1                                                                                                                   ; --            ; --          ; --                ;
; MAX_CORE_JUNCTION_TEMP               ; 85                                                                                                                     ; --            ; --          ; --                ;
; MIN_CORE_JUNCTION_TEMP               ; 0                                                                                                                      ; --            ; --          ; --                ;
; MISC_FILE                            ; ipcore/pll_clk100_inst.v                                                                                               ; --            ; --          ; --                ;
; MISC_FILE                            ; ipcore/pll_clk100.ppf                                                                                                  ; --            ; --          ; --                ;
; MISC_FILE                            ; ipcore/pll_clk100_syn.v                                                                                                ; --            ; --          ; --                ;
; MISC_FILE                            ; ipcore/fifo_inst.v                                                                                                     ; --            ; --          ; --                ;
; NUM_PARALLEL_PROCESSORS              ; All                                                                                                                    ; --            ; --          ; --                ;
; OUTPUT_IO_TIMING_FAR_END_VMEAS       ; Half Signal Swing                                                                                                      ; --            ; --          ; --                ;
; OUTPUT_IO_TIMING_FAR_END_VMEAS       ; Half Signal Swing                                                                                                      ; --            ; --          ; --                ;
; OUTPUT_IO_TIMING_NEAR_END_VMEAS      ; Half Vccio                                                                                                             ; --            ; --          ; --                ;
; OUTPUT_IO_TIMING_NEAR_END_VMEAS      ; Half Vccio                                                                                                             ; --            ; --          ; --                ;
; PARTITION_COLOR                      ; 16764057                                                                                                               ; --            ; --          ; Top               ;
; PARTITION_FITTER_PRESERVATION_LEVEL  ; PLACEMENT_AND_ROUTING                                                                                                  ; --            ; --          ; Top               ;
; PARTITION_NETLIST_TYPE               ; SOURCE                                                                                                                 ; --            ; --          ; Top               ;
; POWER_BOARD_THERMAL_MODEL            ; None (CONSERVATIVE)                                                                                                    ; --            ; --          ; --                ;
; POWER_PRESET_COOLING_SOLUTION        ; 23 MM HEAT SINK WITH 200 LFPM AIRFLOW                                                                                  ; --            ; --          ; --                ;
; PROJECT_OUTPUT_DIRECTORY             ; output_files                                                                                                           ; --            ; --          ; --                ;
; SLD_FILE                             ; db/tpcurrent_auto_stripped.stp                                                                                         ; --            ; --          ; --                ;
; SLD_NODE_CREATOR_ID                  ; 110                                                                                                                    ; --            ; --          ; auto_signaltap_0  ;
; SLD_NODE_ENTITY_NAME                 ; sld_signaltap                                                                                                          ; --            ; --          ; auto_signaltap_0  ;
; SLD_NODE_PARAMETER_ASSIGNMENT        ; SLD_RAM_BLOCK_TYPE=AUTO                                                                                                ; --            ; --          ; auto_signaltap_0  ;
; SLD_NODE_PARAMETER_ASSIGNMENT        ; SLD_NODE_INFO=805334528                                                                                                ; --            ; --          ; auto_signaltap_0  ;
; SLD_NODE_PARAMETER_ASSIGNMENT        ; SLD_POWER_UP_TRIGGER=0                                                                                                 ; --            ; --          ; auto_signaltap_0  ;
; SLD_NODE_PARAMETER_ASSIGNMENT        ; SLD_STORAGE_QUALIFIER_INVERSION_MASK_LENGTH=0                                                                          ; --            ; --          ; auto_signaltap_0  ;
; SLD_NODE_PARAMETER_ASSIGNMENT        ; SLD_SEGMENT_SIZE=2048                                                                                                  ; --            ; --          ; auto_signaltap_0  ;
; SLD_NODE_PARAMETER_ASSIGNMENT        ; SLD_ATTRIBUTE_MEM_MODE=OFF                                                                                             ; --            ; --          ; auto_signaltap_0  ;
; SLD_NODE_PARAMETER_ASSIGNMENT        ; SLD_TRIGGER_LEVEL=1                                                                                                    ; --            ; --          ; auto_signaltap_0  ;
; SLD_NODE_PARAMETER_ASSIGNMENT        ; SLD_SAMPLE_DEPTH=2048                                                                                                  ; --            ; --          ; auto_signaltap_0  ;
; SLD_NODE_PARAMETER_ASSIGNMENT        ; SLD_TRIGGER_IN_ENABLED=0                                                                                               ; --            ; --          ; auto_signaltap_0  ;
; SLD_NODE_PARAMETER_ASSIGNMENT        ; SLD_ADVANCED_TRIGGER_ENTITY=basic,1,                                                                                   ; --            ; --          ; auto_signaltap_0  ;
; SLD_NODE_PARAMETER_ASSIGNMENT        ; SLD_TRIGGER_LEVEL_PIPELINE=1                                                                                           ; --            ; --          ; auto_signaltap_0  ;
; SLD_NODE_PARAMETER_ASSIGNMENT        ; SLD_ENABLE_ADVANCED_TRIGGER=0                                                                                          ; --            ; --          ; auto_signaltap_0  ;
; SLD_NODE_PARAMETER_ASSIGNMENT        ; SLD_STATE_FLOW_USE_GENERATED=1                                                                                         ; --            ; --          ; auto_signaltap_0  ;
; SLD_NODE_PARAMETER_ASSIGNMENT        ; SLD_STATE_BITS=2                                                                                                       ; --            ; --          ; auto_signaltap_0  ;
; SLD_NODE_PARAMETER_ASSIGNMENT        ; SLD_STATE_FLOW_MGR_ENTITY=sld_reserved_tpcurrent_auto_signaltap_0_flow_mgr_c90c                                        ; --            ; --          ; auto_signaltap_0  ;
; SLD_NODE_PARAMETER_ASSIGNMENT        ; SLD_BUFFER_FULL_STOP=0                                                                                                 ; --            ; --          ; auto_signaltap_0  ;
; SLD_NODE_PARAMETER_ASSIGNMENT        ; SLD_CURRENT_RESOURCE_WIDTH=0                                                                                           ; --            ; --          ; auto_signaltap_0  ;
; SLD_NODE_PARAMETER_ASSIGNMENT        ; SLD_DATA_BITS=28                                                                                                       ; --            ; --          ; auto_signaltap_0  ;
; SLD_NODE_PARAMETER_ASSIGNMENT        ; SLD_TRIGGER_BITS=28                                                                                                    ; --            ; --          ; auto_signaltap_0  ;
; SLD_NODE_PARAMETER_ASSIGNMENT        ; SLD_INVERSION_MASK=000000000000000000000000000000000000000000000000000000000000000000000000000000000000000000000000000 ; --            ; --          ; auto_signaltap_0  ;
; SLD_NODE_PARAMETER_ASSIGNMENT        ; SLD_INVERSION_MASK_LENGTH=99                                                                                           ; --            ; --          ; auto_signaltap_0  ;
; SLD_NODE_PARAMETER_ASSIGNMENT        ; SLD_NODE_CRC_HIWORD=57647                                                                                              ; --            ; --          ; auto_signaltap_0  ;
; SLD_NODE_PARAMETER_ASSIGNMENT        ; SLD_NODE_CRC_LOWORD=50702                                                                                              ; --            ; --          ; auto_signaltap_0  ;
; SMART_RECOMPILE                      ; On                                                                                                                     ; Off           ; --          ; --                ;
; USE_SIGNALTAP_FILE                   ; tpcurrent.stp                                                                                                          ; --            ; --          ; --                ;
+--------------------------------------+------------------------------------------------------------------------------------------------------------------------+---------------+-------------+-------------------+


+-------------------------------------------------------------------------------------------------------------------------------+
; Flow Elapsed Time                                                                                                             ;
+---------------------------+--------------+-------------------------+---------------------+------------------------------------+
; Module Name               ; Elapsed Time ; Average Processors Used ; Peak Virtual Memory ; Total CPU Time (on all processors) ;
+---------------------------+--------------+-------------------------+---------------------+------------------------------------+
; Analysis & Synthesis      ; 00:00:07     ; 1.0                     ; 4743 MB             ; 00:00:07                           ;
; Fitter                    ; 00:00:08     ; 1.9                     ; 5771 MB             ; 00:00:11                           ;
; Assembler                 ; 00:00:02     ; 1.0                     ; 4600 MB             ; 00:00:01                           ;
; TimeQuest Timing Analyzer ; 00:00:03     ; 1.0                     ; 4735 MB             ; 00:00:03                           ;
; EDA Netlist Writer        ; 00:00:03     ; 1.0                     ; 4572 MB             ; 00:00:02                           ;
; Total                     ; 00:00:23     ; --                      ; --                  ; 00:00:24                           ;
+---------------------------+--------------+-------------------------+---------------------+------------------------------------+


+----------------------------------------------------------------------------------------+
; Flow OS Summary                                                                        ;
+---------------------------+------------------+-----------+------------+----------------+
; Module Name               ; Machine Hostname ; OS Name   ; OS Version ; Processor type ;
+---------------------------+------------------+-----------+------------+----------------+
; Analysis & Synthesis      ; DESKTOP-TM78I5D  ; Windows 7 ; 6.2        ; x86_64         ;
; Fitter                    ; DESKTOP-TM78I5D  ; Windows 7 ; 6.2        ; x86_64         ;
; Assembler                 ; DESKTOP-TM78I5D  ; Windows 7 ; 6.2        ; x86_64         ;
; TimeQuest Timing Analyzer ; DESKTOP-TM78I5D  ; Windows 7 ; 6.2        ; x86_64         ;
; EDA Netlist Writer        ; DESKTOP-TM78I5D  ; Windows 7 ; 6.2        ; x86_64         ;
+---------------------------+------------------+-----------+------------+----------------+


------------
; Flow Log ;
------------
quartus_map --read_settings_files=on --write_settings_files=off tpcurrent -c tpcurrent
quartus_fit --read_settings_files=off --write_settings_files=off tpcurrent -c tpcurrent
quartus_asm --read_settings_files=off --write_settings_files=off tpcurrent -c tpcurrent
quartus_sta tpcurrent -c tpcurrent
quartus_eda --read_settings_files=off --write_settings_files=off tpcurrent -c tpcurrent



